<?xml version="1.0" encoding="UTF-8"?>
<!-- Generated by org.testng.reporters.JUnitReportReporter -->
<testsuite skipped="0" hostname="LAPTOP-UUFTU99L" name="Tests_PUT" tests="1" failures="0" timestamp="21 nov. 2020 15:12:44 GMT" time="2.367" errors="0">
  <testcase name="test_1_post" time="2.367" classname="Tests_PUT"/>
</testsuite> <!-- Tests_PUT -->
