<?xml version="1.0" encoding="UTF-8"?>
<!-- Generated by org.testng.reporters.JUnitReportReporter -->
<testsuite skipped="0" hostname="LAPTOP-UUFTU99L" name="Tests_NotExistingId" tests="3" failures="0" timestamp="22 nov. 2020 10:41:32 GMT" time="1.438" errors="0">
  <testcase name="UpdateMovieInfowithNotExistingId" time="0.022" classname="Tests_NotExistingId"/>
  <testcase name="DeleteMovieInfowithNotExistingId" time="1.396" classname="Tests_NotExistingId"/>
  <testcase name="GetMovieInfowithNotExistingId" time="0.020" classname="Tests_NotExistingId"/>
</testsuite> <!-- Tests_NotExistingId -->
