<?xml version="1.0" encoding="UTF-8"?>
<!-- Generated by org.testng.reporters.JUnitReportReporter -->
<testsuite skipped="0" hostname="LAPTOP-UUFTU99L" name="test.Test01_GET_TestNG" tests="3" failures="0" timestamp="05 mai 2021 10:35:52 GMT" time="1.323" errors="0">
  <testcase name="test_02" time="0.014" classname="test.Test01_GET_TestNG"/>
  <testcase name="test_01" time="1.297" classname="test.Test01_GET_TestNG"/>
  <testcase name="test_03" time="0.012" classname="test.Test01_GET_TestNG"/>
</testsuite> <!-- test.Test01_GET_TestNG -->
