<?xml version="1.0" encoding="UTF-8"?>
<!-- Generated by org.testng.reporters.JUnitReportReporter -->
<testsuite skipped="0" hostname="LAPTOP-UUFTU99L" name="Tests_ExistingId" tests="6" failures="0" timestamp="22 nov. 2020 11:03:37 GMT" time="12.276" errors="0">
  <testcase name="UpdateDirectorinMovieInfo" time="0.101" classname="Tests_ExistingId"/>
  <testcase name="UpdateYearinMovieInfo" time="0.067" classname="Tests_ExistingId"/>
  <testcase name="UpdateAllMovieInfo" time="10.084" classname="Tests_ExistingId"/>
  <testcase name="GetMovieInfowithExistingId" time="0.098" classname="Tests_ExistingId"/>
  <testcase name="UpdateTitleinMovieInfo" time="0.075" classname="Tests_ExistingId"/>
  <testcase name="CreateMovieInfo" time="1.851" classname="Tests_ExistingId"/>
</testsuite> <!-- Tests_ExistingId -->
