<?xml version="1.0" encoding="UTF-8"?>
<!-- Generated by org.testng.reporters.JUnitReportReporter -->
<testsuite skipped="0" hostname="LAPTOP-UUFTU99L" name="Tests_GET" tests="1" failures="0" timestamp="21 nov. 2020 14:36:13 GMT" time="3.889" errors="0">
  <testcase name="test_1" time="3.889" classname="Tests_GET"/>
</testsuite> <!-- Tests_GET -->
