<?xml version="1.0" encoding="UTF-8"?>
<!-- Generated by org.testng.reporters.JUnitReportReporter -->
<testsuite skipped="0" hostname="LAPTOP-UUFTU99L" name="Tests_IdDeleted" tests="5" failures="0" timestamp="22 nov. 2020 11:18:04 GMT" time="1.905" errors="0">
  <testcase name="DeleteMovieInfowithidMoviewhichwasDeleted" time="0.013" classname="Tests_IdDeleted"/>
  <testcase name="CreateMovieInfo" time="1.836" classname="Tests_IdDeleted"/>
  <testcase name="DeleteMovieInfo" time="0.022" classname="Tests_IdDeleted"/>
  <testcase name="GetMovieInfowithMovieDeleted" time="0.015" classname="Tests_IdDeleted"/>
  <testcase name="UpdateMovieInfowhichwasDeleted" time="0.019" classname="Tests_IdDeleted"/>
</testsuite> <!-- Tests_IdDeleted -->
