<?xml version="1.0" encoding="UTF-8"?>
<!-- Generated by org.testng.reporters.JUnitReportReporter -->
<testsuite skipped="0" hostname="LAPTOP-UUFTU99L" name="Test01_GET_TestNG" tests="2" failures="0" timestamp="05 mai 2021 10:13:20 GMT" time="6.129" errors="0">
  <testcase name="test_01" time="1.713" classname="Test01_GET_TestNG"/>
  <testcase name="test02" time="4.416" classname="Test01_GET_TestNG"/>
</testsuite> <!-- Test01_GET_TestNG -->
