<?xml version="1.0" encoding="UTF-8"?>
<!-- Generated by org.testng.reporters.JUnitReportReporter -->
<testsuite skipped="0" hostname="LAPTOP-UUFTU99L" name="Tests_DELETE" tests="1" failures="0" timestamp="21 nov. 2020 15:24:04 GMT" time="2.169" errors="0">
  <testcase name="test_1_delete" time="2.169" classname="Tests_DELETE"/>
</testsuite> <!-- Tests_DELETE -->
