<?xml version="1.0" encoding="UTF-8"?>
<!-- Generated by org.testng.reporters.JUnitReportReporter -->
<testsuite skipped="0" hostname="LAPTOP-UUFTU99L" name="Tests_CreationUpdateMovieInfowithMissingInfo" tests="5" failures="0" timestamp="22 nov. 2020 11:24:40 GMT" time="2.281" errors="0">
  <testcase name="CreateMovieInfoWithoutDirectorandTitle" time="1.975" classname="Tests_CreationUpdateMovieInfowithMissingInfo"/>
  <testcase name="CreateMovieInfoWithoutYearandTitle" time="0.071" classname="Tests_CreationUpdateMovieInfowithMissingInfo"/>
  <testcase name="CreateMovieInfoWithoutYearandDirector" time="0.087" classname="Tests_CreationUpdateMovieInfowithMissingInfo"/>
  <testcase name="UpdateMovieInfoWhichWasRemovedinLastUpdate" time="0.067" classname="Tests_CreationUpdateMovieInfowithMissingInfo"/>
  <testcase name="UpdateMovieInfoWhichWasNotSpecifiedinCreation" time="0.081" classname="Tests_CreationUpdateMovieInfowithMissingInfo"/>
</testsuite> <!-- Tests_CreationUpdateMovieInfowithMissingInfo -->
